Сборка начата 14.05.2017 12:05:40.
     1>Проект "C:\Users\Дарья\Documents\forkoop\oop\5383\Gorbatyuk\2\Figure\Figure\Figure.vcxproj" в узле 2 (целевые объекты Build).
     1>ClCompile:
         D:\visual\VC\bin\CL.exe /c /ZI /nologo /W3 /WX- /sdl /Od /Oy- /D WIN32 /D _DEBUG /D _CONSOLE /D _UNICODE /D UNICODE /Gm /EHsc /RTC1 /MDd /GS /fp:precise /Zc:wchar_t /Zc:forScope /Zc:inline /Yc"stdafx.h" /Fp"Debug\Figure.pch" /Fo"Debug\\" /Fd"Debug\vc140.pdb" /Gd /TP /analyze- /errorReport:prompt stdafx.cpp
         stdafx.cpp
         D:\visual\VC\bin\CL.exe /c /ZI /nologo /W3 /WX- /sdl /Od /Oy- /D WIN32 /D _DEBUG /D _CONSOLE /D _UNICODE /D UNICODE /Gm /EHsc /RTC1 /MDd /GS /fp:precise /Zc:wchar_t /Zc:forScope /Zc:inline /Yu"stdafx.h" /Fp"Debug\Figure.pch" /Fo"Debug\\" /Fd"Debug\vc140.pdb" /Gd /TP /analyze- /errorReport:prompt Figure.cpp Functions.cpp IsoscelesTriangle.cpp Quadrate.cpp RightTriangle.cpp Shape.cpp
         Shape.cpp
         RightTriangle.cpp
         Quadrate.cpp
         IsoscelesTriangle.cpp
     1>c:\users\дарья\documents\forkoop\oop\5383\gorbatyuk\2\figure\figure\isoscelestriangle.cpp(36): warning C4101: str: неиспользованная локальная переменная
         Functions.cpp
         Figure.cpp
     1>c:\users\дарья\documents\forkoop\oop\5383\gorbatyuk\2\figure\figure\figure.cpp(17): warning C4309: аргумент: усечение константного значения
         Создание кода...
       Link:
         D:\visual\VC\bin\link.exe /ERRORREPORT:PROMPT /OUT:"C:\Users\Дарья\Documents\forkoop\oop\5383\Gorbatyuk\2\Figure\Debug\Figure.exe" /INCREMENTAL /NOLOGO kernel32.lib user32.lib gdi32.lib winspool.lib comdlg32.lib advapi32.lib shell32.lib ole32.lib oleaut32.lib uuid.lib odbc32.lib odbccp32.lib /MANIFEST /MANIFESTUAC:"level='asInvoker' uiAccess='false'" /manifest:embed /Debug /PDB:"C:\Users\Дарья\Documents\forkoop\oop\5383\Gorbatyuk\2\Figure\Debug\Figure.pdb" /SUBSYSTEM:CONSOLE /TLBID:1 /DYNAMICBASE /NXCOMPAT /IMPLIB:"C:\Users\Дарья\Documents\forkoop\oop\5383\Gorbatyuk\2\Figure\Debug\Figure.lib" /MACHINE:X86 Debug\Figure.obj
         Debug\Functions.obj
         Debug\IsoscelesTriangle.obj
         Debug\Quadrate.obj
         Debug\RightTriangle.obj
         Debug\Shape.obj
         Debug\stdafx.obj
         Figure.vcxproj -> C:\Users\Дарья\Documents\forkoop\oop\5383\Gorbatyuk\2\Figure\Debug\Figure.exe
     1>Сборка проекта "C:\Users\Дарья\Documents\forkoop\oop\5383\Gorbatyuk\2\Figure\Figure\Figure.vcxproj" завершена (целевые объекты Build).

Сборка успешно завершена.

Затраченное время: 00:00:08.50
