c:\users\artem\onedrive\рабочий стол\1lb\1lb\debug\vc141.pdb
c:\users\artem\onedrive\рабочий стол\1lb\1lb\debug\vc141.idb
c:\users\artem\onedrive\рабочий стол\1lb\1lb\debug\game.obj
c:\users\artem\onedrive\рабочий стол\1lb\1lb\debug\bases.obj
c:\users\artem\onedrive\рабочий стол\1lb\1lb\debug\1lb.obj
c:\users\artem\onedrive\рабочий стол\1lb\1lb\debug\attribute.obj
c:\users\artem\onedrive\рабочий стол\1lb\1lb\debug\classes.obj
c:\users\artem\onedrive\рабочий стол\1lb\1lb\debug\landscape.obj
c:\users\artem\onedrive\рабочий стол\1lb\1lb\debug\units.obj
c:\users\artem\onedrive\рабочий стол\1lb\1lb\debug\warrior.obj
c:\users\artem\onedrive\рабочий стол\1lb\1lb\debug\warlock.obj
c:\users\artem\onedrive\рабочий стол\1lb\1lb\debug\neutral.obj
c:\users\artem\onedrive\рабочий стол\1lb\1lb\debug\archer.obj
c:\users\artem\onedrive\рабочий стол\1lb\debug\1lb.exe
c:\users\artem\onedrive\рабочий стол\1lb\debug\1lb.ilk
c:\users\artem\onedrive\рабочий стол\1lb\debug\1lb.pdb
c:\users\artem\onedrive\рабочий стол\1lb\1lb\debug\map.obj
c:\users\artem\onedrive\рабочий стол\1lb\1lb\debug\pch.obj
c:\users\artem\onedrive\рабочий стол\1lb\1lb\debug\1lb.obj.enc
c:\users\artem\onedrive\рабочий стол\1lb\1lb\debug\bases.obj.enc
c:\users\artem\onedrive\рабочий стол\1lb\1lb\debug\1lb.pch
c:\users\artem\onedrive\рабочий стол\1lb\1lb\debug\1lb.tlog\cl.command.1.tlog
c:\users\artem\onedrive\рабочий стол\1lb\1lb\debug\1lb.tlog\cl.read.1.tlog
c:\users\artem\onedrive\рабочий стол\1lb\1lb\debug\1lb.tlog\cl.write.1.tlog
c:\users\artem\onedrive\рабочий стол\1lb\1lb\debug\1lb.tlog\link.command.1.tlog
c:\users\artem\onedrive\рабочий стол\1lb\1lb\debug\1lb.tlog\link.read.1.tlog
c:\users\artem\onedrive\рабочий стол\1lb\1lb\debug\1lb.tlog\link.write.1.tlog
